c:\users\ssrtk\documents\visual studio 2015\projects\repai_task_9\temp\render\release\vc140.pdb
c:\users\ssrtk\documents\visual studio 2015\projects\repai_task_9\temp\render\release\materialfromfile.obj
c:\users\ssrtk\documents\visual studio 2015\projects\repai_task_9\temp\render\release\material.obj
c:\users\ssrtk\documents\visual studio 2015\projects\repai_task_9\temp\render\release\light.obj
c:\users\ssrtk\documents\visual studio 2015\projects\repai_task_9\temp\render\release\gametimer.obj
c:\users\ssrtk\documents\visual studio 2015\projects\repai_task_9\temp\render\release\gameobject.obj
c:\users\ssrtk\documents\visual studio 2015\projects\repai_task_9\temp\render\release\framelistener.obj
c:\users\ssrtk\documents\visual studio 2015\projects\repai_task_9\temp\render\release\entitysky.obj
c:\users\ssrtk\documents\visual studio 2015\projects\repai_task_9\temp\render\release\entitylightnormal.obj
c:\users\ssrtk\documents\visual studio 2015\projects\repai_task_9\temp\render\release\entitylight.obj
c:\users\ssrtk\documents\visual studio 2015\projects\repai_task_9\temp\render\release\entitycolor.obj
c:\users\ssrtk\documents\visual studio 2015\projects\repai_task_9\temp\render\release\entity.obj
c:\users\ssrtk\documents\visual studio 2015\projects\repai_task_9\temp\render\release\effect.obj
c:\users\ssrtk\documents\visual studio 2015\projects\repai_task_9\temp\render\release\dxerr.obj
c:\users\ssrtk\documents\visual studio 2015\projects\repai_task_9\temp\render\release\dllmain.obj
c:\users\ssrtk\documents\visual studio 2015\projects\repai_task_9\temp\render\release\d3dutility.obj
c:\users\ssrtk\documents\visual studio 2015\projects\repai_task_9\temp\render\release\cameraprojective.obj
c:\users\ssrtk\documents\visual studio 2015\projects\repai_task_9\temp\render\release\cameraortho.obj
c:\users\ssrtk\documents\visual studio 2015\projects\repai_task_9\temp\render\release\camera.obj
c:\users\ssrtk\documents\visual studio 2015\projects\repai_task_9\temp\render\release\assetmanager.obj
c:\users\ssrtk\documents\visual studio 2015\projects\repai_task_9\temp\render\release\animation.obj
c:\users\ssrtk\documents\visual studio 2015\projects\repai_task_9\temp\render\release\window.obj
c:\users\ssrtk\documents\visual studio 2015\projects\repai_task_9\temp\render\release\viewport.obj
c:\users\ssrtk\documents\visual studio 2015\projects\repai_task_9\temp\render\release\shadow.obj
c:\users\ssrtk\documents\visual studio 2015\projects\repai_task_9\temp\render\release\scenenode.obj
c:\users\ssrtk\documents\visual studio 2015\projects\repai_task_9\temp\render\release\scenemanager.obj
c:\users\ssrtk\documents\visual studio 2015\projects\repai_task_9\temp\render\release\sceneimporter.obj
c:\users\ssrtk\documents\visual studio 2015\projects\repai_task_9\temp\render\release\root.obj
c:\users\ssrtk\documents\visual studio 2015\projects\repai_task_9\temp\render\release\rendersystem.obj
c:\users\ssrtk\documents\visual studio 2015\projects\repai_task_9\temp\render\release\render.obj
c:\users\ssrtk\documents\visual studio 2015\projects\repai_task_9\temp\render\release\movableobject.obj
c:\users\ssrtk\documents\visual studio 2015\projects\repai_task_9\temp\render\release\meshsphere.obj
c:\users\ssrtk\documents\visual studio 2015\projects\repai_task_9\temp\render\release\meshgrid.obj
c:\users\ssrtk\documents\visual studio 2015\projects\repai_task_9\temp\render\release\meshfromfile.obj
c:\users\ssrtk\documents\visual studio 2015\projects\repai_task_9\temp\render\release\meshcube.obj
c:\users\ssrtk\documents\visual studio 2015\projects\repai_task_9\temp\render\release\mesh.obj
c:\users\ssrtk\documents\visual studio 2015\projects\repai_task_9\binaries\release\render.dll
c:\users\ssrtk\documents\visual studio 2015\projects\repai_task_9\binaries\release\render.ipdb
c:\users\ssrtk\documents\visual studio 2015\projects\repai_task_9\binaries\release\render.iobj
c:\users\ssrtk\documents\visual studio 2015\projects\repai_task_9\binaries\release\render.pdb
c:\users\ssrtk\documents\visual studio 2015\projects\repai_task_9\binaries\release\render.lib
c:\users\ssrtk\documents\visual studio 2015\projects\repai_task_9\binaries\release\render.exp
c:\users\ssrtk\documents\visual studio 2015\projects\repai_task_9\solutions\vs2015\..\..\binaries\release\render.pdb
c:\users\ssrtk\documents\visual studio 2015\projects\repai_task_9\solutions\vs2015\..\..\binaries\release\render.dll
c:\users\ssrtk\documents\visual studio 2015\projects\repai_task_9\temp\render\release\render.tlog\cl.command.1.tlog
c:\users\ssrtk\documents\visual studio 2015\projects\repai_task_9\temp\render\release\render.tlog\cl.read.1.tlog
c:\users\ssrtk\documents\visual studio 2015\projects\repai_task_9\temp\render\release\render.tlog\cl.write.1.tlog
c:\users\ssrtk\documents\visual studio 2015\projects\repai_task_9\temp\render\release\render.tlog\link.command.1.tlog
c:\users\ssrtk\documents\visual studio 2015\projects\repai_task_9\temp\render\release\render.tlog\link.read.1.tlog
c:\users\ssrtk\documents\visual studio 2015\projects\repai_task_9\temp\render\release\render.tlog\link.write.1.tlog
c:\users\ssrtk\documents\visual studio 2015\projects\repai_task_9\temp\render\release\render.tlog\render.write.1u.tlog
