  Camera.cpp
  Effect.cpp
  Entity.cpp
  EntityColor.cpp
  EntityLight.cpp
  EntityLightNormal.cpp
  EntitySky.cpp
  FrameListener.cpp
  Material.cpp
  Mesh.cpp
  Render.cpp
  RenderSystem.cpp
  Root.cpp
  SceneManager.cpp
  Viewport.cpp
  Window.cpp
     Creating library C:\Users\ssrtk\Documents\Visual Studio 2015\Projects\REPAI_Task_Game\Solutions\VS2015\..\..\Binaries\Release\Render.lib and object C:\Users\ssrtk\Documents\Visual Studio 2015\Projects\REPAI_Task_Game\Solutions\VS2015\..\..\Binaries\Release\Render.exp
  Generating code
  18 of 3200 functions ( 0.6%) were compiled, the rest were copied from previous compilation.
    3 functions were new in current compilation
    68 functions had inline decision re-evaluated but remain unchanged
  Finished generating code
Effects11.lib(d3dxGlobal.obj) : warning LNK4099: PDB 'Effects11.pdb' was not found with 'Effects11.lib(d3dxGlobal.obj)' or at 'C:\Users\ssrtk\Documents\Visual Studio 2015\Projects\REPAI_Task_Game\Binaries\Release\Effects11.pdb'; linking object as if no debug info
Effects11.lib(EffectAPI.obj) : warning LNK4099: PDB 'Effects11.pdb' was not found with 'Effects11.lib(EffectAPI.obj)' or at 'C:\Users\ssrtk\Documents\Visual Studio 2015\Projects\REPAI_Task_Game\Binaries\Release\Effects11.pdb'; linking object as if no debug info
Effects11.lib(EffectLoad.obj) : warning LNK4099: PDB 'Effects11.pdb' was not found with 'Effects11.lib(EffectLoad.obj)' or at 'C:\Users\ssrtk\Documents\Visual Studio 2015\Projects\REPAI_Task_Game\Binaries\Release\Effects11.pdb'; linking object as if no debug info
Effects11.lib(EffectNonRuntime.obj) : warning LNK4099: PDB 'Effects11.pdb' was not found with 'Effects11.lib(EffectNonRuntime.obj)' or at 'C:\Users\ssrtk\Documents\Visual Studio 2015\Projects\REPAI_Task_Game\Binaries\Release\Effects11.pdb'; linking object as if no debug info
Effects11.lib(EffectReflection.obj) : warning LNK4099: PDB 'Effects11.pdb' was not found with 'Effects11.lib(EffectReflection.obj)' or at 'C:\Users\ssrtk\Documents\Visual Studio 2015\Projects\REPAI_Task_Game\Binaries\Release\Effects11.pdb'; linking object as if no debug info
Effects11.lib(EffectRuntime.obj) : warning LNK4099: PDB 'Effects11.pdb' was not found with 'Effects11.lib(EffectRuntime.obj)' or at 'C:\Users\ssrtk\Documents\Visual Studio 2015\Projects\REPAI_Task_Game\Binaries\Release\Effects11.pdb'; linking object as if no debug info
  Render.vcxproj -> C:\Users\ssrtk\Documents\Visual Studio 2015\Projects\REPAI_Task_Game\Solutions\VS2015\..\..\Binaries\Release\Render.dll
  Render.vcxproj -> C:\Users\ssrtk\Documents\Visual Studio 2015\Projects\REPAI_Task_Game\Solutions\VS2015\..\..\Binaries\Release\Render.pdb (Full PDB)
