c:\users\srtkn\documents\visual studio 2015\projects\repai_task_3\temp\render\debug\vc140.pdb
c:\users\srtkn\documents\visual studio 2015\projects\repai_task_3\temp\render\debug\vc140.idb
c:\users\srtkn\documents\visual studio 2015\projects\repai_task_3\temp\render\debug\gameobject.obj
c:\users\srtkn\documents\visual studio 2015\projects\repai_task_3\temp\render\debug\gametimer.obj
c:\users\srtkn\documents\visual studio 2015\projects\repai_task_3\temp\render\debug\light.obj
c:\users\srtkn\documents\visual studio 2015\projects\repai_task_3\temp\render\debug\material.obj
c:\users\srtkn\documents\visual studio 2015\projects\repai_task_3\temp\render\debug\materialfromfile.obj
c:\users\srtkn\documents\visual studio 2015\projects\repai_task_3\temp\render\debug\mesh.obj
c:\users\srtkn\documents\visual studio 2015\projects\repai_task_3\temp\render\debug\meshcube.obj
c:\users\srtkn\documents\visual studio 2015\projects\repai_task_3\temp\render\debug\meshfromfile.obj
c:\users\srtkn\documents\visual studio 2015\projects\repai_task_3\temp\render\debug\meshgrid.obj
c:\users\srtkn\documents\visual studio 2015\projects\repai_task_3\temp\render\debug\meshsphere.obj
c:\users\srtkn\documents\visual studio 2015\projects\repai_task_3\temp\render\debug\movableobject.obj
c:\users\srtkn\documents\visual studio 2015\projects\repai_task_3\temp\render\debug\render.obj
c:\users\srtkn\documents\visual studio 2015\projects\repai_task_3\temp\render\debug\rendersystem.obj
c:\users\srtkn\documents\visual studio 2015\projects\repai_task_3\temp\render\debug\root.obj
c:\users\srtkn\documents\visual studio 2015\projects\repai_task_3\temp\render\debug\sceneimporter.obj
c:\users\srtkn\documents\visual studio 2015\projects\repai_task_3\temp\render\debug\scenemanager.obj
c:\users\srtkn\documents\visual studio 2015\projects\repai_task_3\temp\render\debug\scenenode.obj
c:\users\srtkn\documents\visual studio 2015\projects\repai_task_3\temp\render\debug\shadow.obj
c:\users\srtkn\documents\visual studio 2015\projects\repai_task_3\temp\render\debug\viewport.obj
c:\users\srtkn\documents\visual studio 2015\projects\repai_task_3\temp\render\debug\window.obj
c:\users\srtkn\documents\visual studio 2015\projects\repai_task_3\temp\render\debug\animation.obj
c:\users\srtkn\documents\visual studio 2015\projects\repai_task_3\temp\render\debug\assetmanager.obj
c:\users\srtkn\documents\visual studio 2015\projects\repai_task_3\temp\render\debug\camera.obj
c:\users\srtkn\documents\visual studio 2015\projects\repai_task_3\temp\render\debug\cameraortho.obj
c:\users\srtkn\documents\visual studio 2015\projects\repai_task_3\temp\render\debug\cameraprojective.obj
c:\users\srtkn\documents\visual studio 2015\projects\repai_task_3\temp\render\debug\d3dutility.obj
c:\users\srtkn\documents\visual studio 2015\projects\repai_task_3\temp\render\debug\dllmain.obj
c:\users\srtkn\documents\visual studio 2015\projects\repai_task_3\temp\render\debug\dxerr.obj
c:\users\srtkn\documents\visual studio 2015\projects\repai_task_3\temp\render\debug\effect.obj
c:\users\srtkn\documents\visual studio 2015\projects\repai_task_3\temp\render\debug\entity.obj
c:\users\srtkn\documents\visual studio 2015\projects\repai_task_3\temp\render\debug\entitycolor.obj
c:\users\srtkn\documents\visual studio 2015\projects\repai_task_3\temp\render\debug\entitylight.obj
c:\users\srtkn\documents\visual studio 2015\projects\repai_task_3\temp\render\debug\framelistener.obj
c:\users\srtkn\documents\visual studio 2015\projects\repai_task_3\binaries\debug\render.dll
c:\users\srtkn\documents\visual studio 2015\projects\repai_task_3\binaries\debug\render.pdb
c:\users\srtkn\documents\visual studio 2015\projects\repai_task_3\binaries\debug\render.lib
c:\users\srtkn\documents\visual studio 2015\projects\repai_task_3\binaries\debug\render.exp
c:\users\ssrtk\documents\visual studio 2015\projects\repai_task_4\temp\render\debug\animation.obj
c:\users\ssrtk\documents\visual studio 2015\projects\repai_task_4\temp\render\debug\assetmanager.obj
c:\users\ssrtk\documents\visual studio 2015\projects\repai_task_4\temp\render\debug\camera.obj
c:\users\ssrtk\documents\visual studio 2015\projects\repai_task_4\temp\render\debug\cameraortho.obj
c:\users\ssrtk\documents\visual studio 2015\projects\repai_task_4\temp\render\debug\cameraprojective.obj
c:\users\ssrtk\documents\visual studio 2015\projects\repai_task_4\temp\render\debug\d3dutility.obj
c:\users\ssrtk\documents\visual studio 2015\projects\repai_task_4\temp\render\debug\dllmain.obj
c:\users\ssrtk\documents\visual studio 2015\projects\repai_task_4\temp\render\debug\dxerr.obj
c:\users\ssrtk\documents\visual studio 2015\projects\repai_task_4\temp\render\debug\effect.obj
c:\users\ssrtk\documents\visual studio 2015\projects\repai_task_4\temp\render\debug\entity.obj
c:\users\ssrtk\documents\visual studio 2015\projects\repai_task_4\temp\render\debug\entitycolor.obj
c:\users\ssrtk\documents\visual studio 2015\projects\repai_task_4\temp\render\debug\entitylight.obj
c:\users\ssrtk\documents\visual studio 2015\projects\repai_task_4\temp\render\debug\framelistener.obj
c:\users\ssrtk\documents\visual studio 2015\projects\repai_task_4\temp\render\debug\gameobject.obj
c:\users\ssrtk\documents\visual studio 2015\projects\repai_task_4\temp\render\debug\gametimer.obj
c:\users\ssrtk\documents\visual studio 2015\projects\repai_task_4\temp\render\debug\light.obj
c:\users\ssrtk\documents\visual studio 2015\projects\repai_task_4\temp\render\debug\material.obj
c:\users\ssrtk\documents\visual studio 2015\projects\repai_task_4\temp\render\debug\materialfromfile.obj
c:\users\ssrtk\documents\visual studio 2015\projects\repai_task_4\temp\render\debug\mesh.obj
c:\users\ssrtk\documents\visual studio 2015\projects\repai_task_4\temp\render\debug\meshcube.obj
c:\users\ssrtk\documents\visual studio 2015\projects\repai_task_4\temp\render\debug\meshfromfile.obj
c:\users\ssrtk\documents\visual studio 2015\projects\repai_task_4\temp\render\debug\meshgrid.obj
c:\users\ssrtk\documents\visual studio 2015\projects\repai_task_4\temp\render\debug\meshsphere.obj
c:\users\ssrtk\documents\visual studio 2015\projects\repai_task_4\temp\render\debug\movableobject.obj
c:\users\ssrtk\documents\visual studio 2015\projects\repai_task_4\temp\render\debug\render.obj
c:\users\ssrtk\documents\visual studio 2015\projects\repai_task_4\temp\render\debug\rendersystem.obj
c:\users\ssrtk\documents\visual studio 2015\projects\repai_task_4\temp\render\debug\root.obj
c:\users\ssrtk\documents\visual studio 2015\projects\repai_task_4\temp\render\debug\sceneimporter.obj
c:\users\ssrtk\documents\visual studio 2015\projects\repai_task_4\temp\render\debug\scenemanager.obj
c:\users\ssrtk\documents\visual studio 2015\projects\repai_task_4\temp\render\debug\scenenode.obj
c:\users\ssrtk\documents\visual studio 2015\projects\repai_task_4\temp\render\debug\shadow.obj
c:\users\ssrtk\documents\visual studio 2015\projects\repai_task_4\temp\render\debug\viewport.obj
c:\users\ssrtk\documents\visual studio 2015\projects\repai_task_4\temp\render\debug\window.obj
c:\users\ssrtk\documents\visual studio 2015\projects\repai_task_4\temp\render\debug\vc140.idb
c:\users\ssrtk\documents\visual studio 2015\projects\repai_task_4\temp\render\debug\vc140.pdb
c:\users\ssrtk\documents\visual studio 2015\projects\repai_task_4\temp\render\debug\render.tlog\cl.command.1.tlog
c:\users\ssrtk\documents\visual studio 2015\projects\repai_task_4\temp\render\debug\render.tlog\cl.read.1.tlog
c:\users\ssrtk\documents\visual studio 2015\projects\repai_task_4\temp\render\debug\render.tlog\cl.write.1.tlog
c:\users\ssrtk\documents\visual studio 2015\projects\repai_task_4\temp\render\debug\render.tlog\link.command.1.tlog
c:\users\ssrtk\documents\visual studio 2015\projects\repai_task_4\temp\render\debug\render.tlog\link.read.1.tlog
c:\users\ssrtk\documents\visual studio 2015\projects\repai_task_4\temp\render\debug\render.tlog\link.write.1.tlog
c:\users\ssrtk\documents\visual studio 2015\projects\repai_task_4\temp\render\debug\render.tlog\render.write.1u.tlog
